0 info it worked if it ends with ok
1 verbose cli [ '/home/progsri/ProgSri/ENGINE/Node.js/bin/node',
1 verbose cli   '/usr/bin/npm',
1 verbose cli   'start' ]
2 info using npm@3.10.9
3 info using node@v10.5.0
4 verbose run-script [ 'prestart', 'start', 'poststart' ]
5 info lifecycle notes@0.0.0~prestart: notes@0.0.0
6 silly lifecycle notes@0.0.0~prestart: no script for prestart, continuing
7 info lifecycle notes@0.0.0~start: notes@0.0.0
8 verbose lifecycle notes@0.0.0~start: unsafe-perm in lifecycle true
9 verbose lifecycle notes@0.0.0~start: PATH: /home/sirisha/ENV/ENGINE/node-v6.9.2-linux-x64/lib/node_modules/npm/bin/node-gyp-bin:/home/progsri/Desktop/Notes/app/node_modules/.bin:/home/progsri/perl5/bin:/home/progsri/perl5/bin:/home/progsri/perl5/bin:/home/progsri/bin:/home/progsri/.local/bin:/usr/local/sbin:/usr/local/bin:/usr/sbin:/usr/bin:/sbin:/bin:/usr/games:/usr/local/games:/home/progsri/ProgSri/ENGINE/Java/1.8/bin:/home/progsri/ProgSri/ENGINE/Node.js/bin:/u01/app/oracle/product/11.2.0/xe/bin:XE:/home/progsri/ProgSri/ENGINE/GO/bin:/home/progsri/ProgSri/CODE/Go/bin:/home/progsri/ProgSri/CODE/Go:/home/progsri/ProgSri/TOOLS/Ant/apache-ant-1.10.1-bin/apache-ant-1.10.1/bin:/home/progsri/Sears/TOOLS/Postman:/home/progsri/Sears/TOOLS/dbeaver:/home/progsri/ProgSri/TOOLS/VSCode:/home/progsri/ProgSri/TOOLS/Firefox-Quantum-Developer/firefox-58.0b6/firefox:/home/progsri/ProgSri/TOOLS/Idea/ideaIU-2018.1.5/idea-IU-181.5281.24/bin:/home/progsri/ProgSri/TOOLS/sublime_text_3:/home/progsri/ProgSri/CODE/Go/src/k8s.io/kubernetes/_output/local/bin/linux/amd64:/home/progsri/ProgSri/TOOLS/Arduino:/home/progsri/ProgSri/TOOLS/perf-tools-brendandgregg/perf-tools:/home/progsri/ProgSri/ENGINE/Spark/bin:/home/progsri/ProgSri/ENGINE/Ant/bin:/home/progsri/ProgSri/TOOLS/Qt/install/Tools/QtCreator/bin:/home/progsri/ProgSri/ENGINE/Clang+llvm/bin
10 verbose lifecycle notes@0.0.0~start: CWD: /home/progsri/Desktop/Notes/app
11 silly lifecycle notes@0.0.0~start: Args: [ '-c', 'node ./bin/www' ]
12 silly lifecycle notes@0.0.0~start: Returned: code: 1  signal: null
13 info lifecycle notes@0.0.0~start: Failed to exec start script
14 verbose stack Error: notes@0.0.0 start: `node ./bin/www`
14 verbose stack Exit status 1
14 verbose stack     at EventEmitter.<anonymous> (/home/sirisha/ENV/ENGINE/node-v6.9.2-linux-x64/lib/node_modules/npm/lib/utils/lifecycle.js:255:16)
14 verbose stack     at EventEmitter.emit (events.js:182:13)
14 verbose stack     at ChildProcess.<anonymous> (/home/sirisha/ENV/ENGINE/node-v6.9.2-linux-x64/lib/node_modules/npm/lib/utils/spawn.js:40:14)
14 verbose stack     at ChildProcess.emit (events.js:182:13)
14 verbose stack     at maybeClose (internal/child_process.js:961:16)
14 verbose stack     at Process.ChildProcess._handle.onexit (internal/child_process.js:248:5)
15 verbose pkgid notes@0.0.0
16 verbose cwd /home/progsri/Desktop/Notes/app
17 error Linux 5.0.0-15-generic
18 error argv "/home/progsri/ProgSri/ENGINE/Node.js/bin/node" "/usr/bin/npm" "start"
19 error node v10.5.0
20 error npm  v3.10.9
21 error code ELIFECYCLE
22 error notes@0.0.0 start: `node ./bin/www`
22 error Exit status 1
23 error Failed at the notes@0.0.0 start script 'node ./bin/www'.
23 error Make sure you have the latest version of node.js and npm installed.
23 error If you do, this is most likely a problem with the notes package,
23 error not with npm itself.
23 error Tell the author that this fails on your system:
23 error     node ./bin/www
23 error You can get information on how to open an issue for this project with:
23 error     npm bugs notes
23 error Or if that isn't available, you can get their info via:
23 error     npm owner ls notes
23 error There is likely additional logging output above.
24 verbose exit [ 1, true ]
